d:\workround\rostra\msvcs\pthreads.2\vc120.pdb
d:\workround\rostra\msvcs\pthreads.2\vc120.idb
d:\workround\rostra\msvcs\pthreads.2\pthread.obj
d:\workround\rostra\msvcs\pthreads.2\pthreadvc2.ilk
d:\workround\rostra\msvcs\pthreads.2\pthreadvc2.dll
d:\workround\rostra\msvcs\pthreads.2\pthread.pdb
d:\workround\rostra\msvcs\pthreads.2\pthreadvc2.lib
d:\workround\rostra\msvcs\pthreads.2\pthreadvc2.exp
d:\workround\rostra\msvcs\pthreads.2\version.res
d:\workround\rostra\msvcs\pthreads.2\.\.\pthread.pdb
d:\workround\rostra\msvcs\pthreads.2\pthread.tlog\cl.command.1.tlog
d:\workround\rostra\msvcs\pthreads.2\pthread.tlog\cl.read.1.tlog
d:\workround\rostra\msvcs\pthreads.2\pthread.tlog\cl.write.1.tlog
d:\workround\rostra\msvcs\pthreads.2\pthread.tlog\link.command.1.tlog
d:\workround\rostra\msvcs\pthreads.2\pthread.tlog\link.read.1.tlog
d:\workround\rostra\msvcs\pthreads.2\pthread.tlog\link.write.1.tlog
d:\workround\rostra\msvcs\pthreads.2\pthread.tlog\pthread.write.1u.tlog
d:\workround\rostra\msvcs\pthreads.2\pthread.tlog\rc.command.1.tlog
d:\workround\rostra\msvcs\pthreads.2\pthread.tlog\rc.read.1.tlog
d:\workround\rostra\msvcs\pthreads.2\pthread.tlog\rc.write.1.tlog
